<?xml version="1.0" encoding="UTF-8"?>
<!-- Generated by org.testng.reporters.JUnitXMLReporter -->
<testsuite hostname="Admin" ignored="1" name="Test" tests="2" failures="0" timestamp="16 Jul 2020 10:17:26 GMT" time="0.131" errors="0">
  <testcase name="color1" time="0.031" classname="Demos.demotestquiz"/>
  <testcase name="color2" time="0.01" classname="Demos.demotestquiz"/>
  <testcase name="color3" time="0.0" classname="Demos.demotestquiz">
    <ignored/>
  </testcase> <!-- color3 -->
</testsuite> <!-- Test -->
